<?xml version="1.0" encoding="UTF-8"?>
<!-- Generated by org.testng.reporters.JUnitXMLReporter -->
<testsuite ignored="0" hostname="Radhika-HP" failures="0" tests="4" name="Test" time="100.832" errors="0" timestamp="2021-06-06T16:56:19 IST">
  <testcase classname="Academy.EndToEndProject.ValidateTitle" name="ValidateTitleMethod" time="0.788"/>
  <testcase classname="Academy.EndToEndProject.HomePage" name="basePageNavigation" time="23.452"/>
  <testcase classname="Academy.EndToEndProject.HomePage" name="basePageNavigation" time="20.331"/>
  <testcase classname="Academy.EndToEndProject.ValidateNavBar" name="basePageNavigation" time="0.465"/>
</testsuite> <!-- Test -->
