<?xml version="1.0" encoding="UTF-8"?>
<!-- Generated by org.testng.reporters.JUnitXMLReporter -->
<testsuite ignored="0" hostname="Radhika-HP" failures="0" tests="4" name="Test" time="112.66" errors="0" timestamp="2021-06-06T16:59:30 IST">
  <testcase classname="Academy.EndToEndProject.ValidateTitle" name="ValidateTitleMethod" time="0.399"/>
  <testcase classname="Academy.EndToEndProject.HomePage" name="basePageNavigation" time="26.8"/>
  <testcase classname="Academy.EndToEndProject.HomePage" name="basePageNavigation" time="22.411"/>
  <testcase classname="Academy.EndToEndProject.ValidateNavBar" name="basePageNavigation" time="0.637"/>
</testsuite> <!-- Test -->
