<?xml version="1.0" encoding="UTF-8"?>
<testng-results ignored="0" total="4" passed="4" failed="0" skipped="0">
  <reporter-output>
  </reporter-output>
  <suite started-at="2021-06-06T16:54:38 IST" name="Suite" finished-at="2021-06-06T16:56:19 IST" duration-ms="100832">
    <groups>
    </groups>
    <test started-at="2021-06-06T16:54:38 IST" name="Test" finished-at="2021-06-06T16:56:19 IST" duration-ms="100832">
      <class name="Academy.EndToEndProject.ValidateTitle">
        <test-method is-config="true" signature="initialize()[pri:0, instance:Academy.EndToEndProject.ValidateTitle@435fb7b5]" started-at="2021-06-06T16:55:03 IST" name="initialize" finished-at="2021-06-06T16:55:28 IST" duration-ms="24432" status="PASS">
          <reporter-output>
          </reporter-output>
        </test-method> <!-- initialize -->
        <test-method signature="ValidateTitleMethod()[pri:0, instance:Academy.EndToEndProject.ValidateTitle@435fb7b5]" started-at="2021-06-06T16:55:28 IST" name="ValidateTitleMethod" finished-at="2021-06-06T16:55:29 IST" duration-ms="788" status="PASS">
          <reporter-output>
          </reporter-output>
        </test-method> <!-- ValidateTitleMethod -->
        <test-method is-config="true" signature="closingdown()[pri:0, instance:Academy.EndToEndProject.ValidateTitle@435fb7b5]" started-at="2021-06-06T16:56:18 IST" name="closingdown" finished-at="2021-06-06T16:56:19 IST" duration-ms="798" status="PASS">
          <reporter-output>
          </reporter-output>
        </test-method> <!-- closingdown -->
      </class> <!-- Academy.EndToEndProject.ValidateTitle -->
      <class name="Academy.EndToEndProject.HomePage">
        <test-method is-config="true" signature="initialize()[pri:0, instance:Academy.EndToEndProject.HomePage@19553973]" started-at="2021-06-06T16:54:38 IST" name="initialize" finished-at="2021-06-06T16:54:47 IST" duration-ms="9185" status="PASS">
          <reporter-output>
          </reporter-output>
        </test-method> <!-- initialize -->
        <test-method signature="basePageNavigation(java.lang.String,java.lang.String)[pri:0, instance:Academy.EndToEndProject.HomePage@19553973]" started-at="2021-06-06T16:55:29 IST" name="basePageNavigation" data-provider="getData" finished-at="2021-06-06T16:55:52 IST" duration-ms="23452" status="PASS">
          <params>
            <param index="0">
              <value>
                <![CDATA[nonrestricted@qa.com]]>
              </value>
            </param>
            <param index="1">
              <value>
                <![CDATA[123]]>
              </value>
            </param>
          </params>
          <reporter-output>
          </reporter-output>
        </test-method> <!-- basePageNavigation -->
        <test-method signature="basePageNavigation(java.lang.String,java.lang.String)[pri:0, instance:Academy.EndToEndProject.HomePage@19553973]" started-at="2021-06-06T16:55:52 IST" name="basePageNavigation" data-provider="getData" finished-at="2021-06-06T16:56:13 IST" duration-ms="20331" status="PASS">
          <params>
            <param index="0">
              <value>
                <![CDATA[restricted@qa.com]]>
              </value>
            </param>
            <param index="1">
              <value>
                <![CDATA[456]]>
              </value>
            </param>
          </params>
          <reporter-output>
          </reporter-output>
        </test-method> <!-- basePageNavigation -->
        <test-method is-config="true" signature="closingdown()[pri:0, instance:Academy.EndToEndProject.HomePage@19553973]" started-at="2021-06-06T16:56:13 IST" name="closingdown" finished-at="2021-06-06T16:56:18 IST" duration-ms="4591" status="PASS">
          <reporter-output>
          </reporter-output>
        </test-method> <!-- closingdown -->
      </class> <!-- Academy.EndToEndProject.HomePage -->
      <class name="Academy.EndToEndProject.ValidateNavBar">
        <test-method is-config="true" signature="initialize()[pri:0, instance:Academy.EndToEndProject.ValidateNavBar@7bb6ab3a]" started-at="2021-06-06T16:54:47 IST" name="initialize" finished-at="2021-06-06T16:55:03 IST" duration-ms="15911" status="PASS">
          <reporter-output>
          </reporter-output>
        </test-method> <!-- initialize -->
        <test-method signature="basePageNavigation()[pri:0, instance:Academy.EndToEndProject.ValidateNavBar@7bb6ab3a]" started-at="2021-06-06T16:56:13 IST" name="basePageNavigation" finished-at="2021-06-06T16:56:13 IST" duration-ms="465" status="PASS">
          <reporter-output>
          </reporter-output>
        </test-method> <!-- basePageNavigation -->
        <test-method is-config="true" signature="closingdown()[pri:0, instance:Academy.EndToEndProject.ValidateNavBar@7bb6ab3a]" started-at="2021-06-06T16:56:18 IST" name="closingdown" finished-at="2021-06-06T16:56:18 IST" duration-ms="572" status="PASS">
          <reporter-output>
          </reporter-output>
        </test-method> <!-- closingdown -->
      </class> <!-- Academy.EndToEndProject.ValidateNavBar -->
    </test> <!-- Test -->
  </suite> <!-- Suite -->
</testng-results>
